{"/Users/bowie/SitesC/bitsol/tests/test-helpers.ts": {"path":"/Users/bowie/SitesC/bitsol/tests/test-helpers.ts","statementMap":{"0":{"start":{"line":76,"column":0},"end":{"line":76,"column":7}},"1":{"start":{"line":95,"column":0},"end":{"line":95,"column":7}},"2":{"start":{"line":117,"column":0},"end":{"line":117,"column":7}},"3":{"start":{"line":136,"column":0},"end":{"line":136,"column":7}},"4":{"start":{"line":202,"column":0},"end":{"line":202,"column":7}},"5":{"start":{"line":243,"column":0},"end":{"line":243,"column":16}},"6":{"start":{"line":294,"column":0},"end":{"line":294,"column":16}},"7":{"start":{"line":422,"column":0},"end":{"line":422,"column":16}},"8":{"start":{"line":464,"column":0},"end":{"line":464,"column":7}},"9":{"start":{"line":549,"column":0},"end":{"line":549,"column":7}},"10":{"start":{"line":578,"column":0},"end":{"line":578,"column":16}},"11":{"start":{"line":1,"column":0},"end":{"line":1,"column":null}},"12":{"start":{"line":8,"column":0},"end":{"line":8,"column":78}},"13":{"start":{"line":9,"column":0},"end":{"line":9,"column":null}},"14":{"start":{"line":23,"column":18},"end":{"line":23,"column":36}},"15":{"start":{"line":24,"column":25},"end":{"line":24,"column":28}},"16":{"start":{"line":27,"column":13},"end":{"line":27,"column":48}},"17":{"start":{"line":28,"column":13},"end":{"line":28,"column":36}},"18":{"start":{"line":29,"column":13},"end":{"line":29,"column":50}},"19":{"start":{"line":30,"column":13},"end":{"line":30,"column":56}},"20":{"start":{"line":33,"column":13},"end":{"line":33,"column":33}},"21":{"start":{"line":34,"column":13},"end":{"line":34,"column":37}},"22":{"start":{"line":35,"column":13},"end":{"line":35,"column":35}},"23":{"start":{"line":36,"column":13},"end":{"line":36,"column":31}},"24":{"start":{"line":37,"column":13},"end":{"line":37,"column":37}},"25":{"start":{"line":40,"column":13},"end":{"line":40,"column":25}},"26":{"start":{"line":41,"column":13},"end":{"line":41,"column":30}},"27":{"start":{"line":42,"column":13},"end":{"line":42,"column":26}},"28":{"start":{"line":43,"column":13},"end":{"line":43,"column":27}},"29":{"start":{"line":44,"column":13},"end":{"line":44,"column":26}},"30":{"start":{"line":45,"column":13},"end":{"line":45,"column":27}},"31":{"start":{"line":46,"column":13},"end":{"line":46,"column":27}},"32":{"start":{"line":47,"column":13},"end":{"line":47,"column":28}},"33":{"start":{"line":48,"column":13},"end":{"line":48,"column":29}},"34":{"start":{"line":49,"column":13},"end":{"line":49,"column":33}},"35":{"start":{"line":52,"column":13},"end":{"line":59,"column":11}},"36":{"start":{"line":62,"column":13},"end":{"line":74,"column":11}},"37":{"start":{"line":81,"column":23},"end":{"line":81,"column":65}},"38":{"start":{"line":82,"column":13},"end":{"line":88,"column":null}},"39":{"start":{"line":90,"column":2},"end":{"line":90,"column":36}},"40":{"start":{"line":91,"column":2},"end":{"line":91,"column":22}},"41":{"start":{"line":98,"column":13},"end":{"line":98,"column":31}},"42":{"start":{"line":99,"column":14},"end":{"line":101,"column":null}},"43":{"start":{"line":104,"column":4},"end":{"line":104,"column":50}},"44":{"start":{"line":105,"column":2},"end":{"line":109,"column":5}},"45":{"start":{"line":110,"column":2},"end":{"line":110,"column":12}},"46":{"start":{"line":121,"column":17},"end":{"line":121,"column":35}},"47":{"start":{"line":122,"column":2},"end":{"line":129,"column":4}},"48":{"start":{"line":130,"column":2},"end":{"line":130,"column":16}},"49":{"start":{"line":145,"column":17},"end":{"line":145,"column":42}},"50":{"start":{"line":147,"column":2},"end":{"line":149,"column":3}},"51":{"start":{"line":148,"column":4},"end":{"line":148,"column":44}},"52":{"start":{"line":150,"column":18},"end":{"line":150,"column":34}},"53":{"start":{"line":153,"column":27},"end":{"line":155,"column":null}},"54":{"start":{"line":157,"column":35},"end":{"line":163,"column":null}},"55":{"start":{"line":167,"column":2},"end":{"line":174,"column":4}},"56":{"start":{"line":177,"column":2},"end":{"line":194,"column":11}},"57":{"start":{"line":196,"column":2},"end":{"line":196,"column":63}},"58":{"start":{"line":209,"column":23},"end":{"line":209,"column":56}},"59":{"start":{"line":210,"column":29},"end":{"line":212,"column":null}},"60":{"start":{"line":214,"column":22},"end":{"line":216,"column":null}},"61":{"start":{"line":219,"column":2},"end":{"line":234,"column":11}},"62":{"start":{"line":236,"column":2},"end":{"line":236,"column":57}},"63":{"start":{"line":261,"column":12},"end":{"line":261,"column":29}},"64":{"start":{"line":263,"column":2},"end":{"line":278,"column":3}},"65":{"start":{"line":264,"column":25},"end":{"line":264,"column":52}},"66":{"start":{"line":266,"column":6},"end":{"line":266,"column":51}},"67":{"start":{"line":267,"column":20},"end":{"line":267,"column":52}},"68":{"start":{"line":270,"column":28},"end":{"line":270,"column":66}},"69":{"start":{"line":271,"column":22},"end":{"line":273,"column":10}},"70":{"start":{"line":274,"column":19},"end":{"line":274,"column":57}},"71":{"start":{"line":275,"column":26},"end":{"line":275,"column":65}},"72":{"start":{"line":277,"column":4},"end":{"line":277,"column":57}},"73":{"start":{"line":281,"column":22},"end":{"line":281,"column":86}},"74":{"start":{"line":282,"column":18},"end":{"line":282,"column":53}},"75":{"start":{"line":285,"column":22},"end":{"line":285,"column":43}},"76":{"start":{"line":286,"column":19},"end":{"line":286,"column":48}},"77":{"start":{"line":287,"column":2},"end":{"line":287,"column":72}},"78":{"start":{"line":313,"column":18},"end":{"line":313,"column":36}},"79":{"start":{"line":314,"column":22},"end":{"line":314,"column":46}},"80":{"start":{"line":315,"column":17},"end":{"line":315,"column":18}},"81":{"start":{"line":316,"column":36},"end":{"line":316,"column":38}},"82":{"start":{"line":317,"column":38},"end":{"line":317,"column":40}},"83":{"start":{"line":318,"column":24},"end":{"line":318,"column":28}},"84":{"start":{"line":321,"column":2},"end":{"line":337,"column":3}},"85":{"start":{"line":322,"column":4},"end":{"line":336,"column":6}},"86":{"start":{"line":339,"column":2},"end":{"line":348,"column":3}},"87":{"start":{"line":340,"column":4},"end":{"line":340,"column":42}},"88":{"start":{"line":342,"column":26},"end":{"line":342,"column":64}},"89":{"start":{"line":343,"column":25},"end":{"line":343,"column":78}},"90":{"start":{"line":344,"column":4},"end":{"line":344,"column":39}},"91":{"start":{"line":345,"column":4},"end":{"line":345,"column":30}},"92":{"start":{"line":346,"column":4},"end":{"line":346,"column":25}},"93":{"start":{"line":347,"column":4},"end":{"line":347,"column":15}},"94":{"start":{"line":351,"column":22},"end":{"line":351,"column":63}},"95":{"start":{"line":352,"column":27},"end":{"line":352,"column":54}},"96":{"start":{"line":355,"column":22},"end":{"line":355,"column":33}},"97":{"start":{"line":356,"column":20},"end":{"line":356,"column":37}},"98":{"start":{"line":357,"column":19},"end":{"line":357,"column":34}},"99":{"start":{"line":359,"column":32},"end":{"line":359,"column":70}},"100":{"start":{"line":360,"column":30},"end":{"line":360,"column":66}},"101":{"start":{"line":361,"column":29},"end":{"line":361,"column":64}},"102":{"start":{"line":364,"column":27},"end":{"line":364,"column":65}},"103":{"start":{"line":365,"column":32},"end":{"line":365,"column":70}},"104":{"start":{"line":366,"column":30},"end":{"line":366,"column":66}},"105":{"start":{"line":367,"column":29},"end":{"line":367,"column":64}},"106":{"start":{"line":369,"column":29},"end":{"line":369,"column":72}},"107":{"start":{"line":369,"column":62},"end":{"line":369,"column":67}},"108":{"start":{"line":371,"column":2},"end":{"line":385,"column":4}},"109":{"start":{"line":394,"column":21},"end":{"line":394,"column":44}},"110":{"start":{"line":397,"column":16},"end":{"line":397,"column":25}},"111":{"start":{"line":398,"column":16},"end":{"line":398,"column":51}},"112":{"start":{"line":401,"column":20},"end":{"line":401,"column":42}},"113":{"start":{"line":404,"column":22},"end":{"line":404,"column":69}},"114":{"start":{"line":407,"column":17},"end":{"line":407,"column":75}},"115":{"start":{"line":409,"column":2},"end":{"line":409,"column":16}},"116":{"start":{"line":427,"column":61},"end":{"line":427,"column":67}},"117":{"start":{"line":429,"column":2},"end":{"line":431,"column":3}},"118":{"start":{"line":430,"column":4},"end":{"line":430,"column":72}},"119":{"start":{"line":433,"column":28},"end":{"line":436,"column":null}},"120":{"start":{"line":439,"column":30},"end":{"line":443,"column":4}},"121":{"start":{"line":446,"column":2},"end":{"line":451,"column":3}},"122":{"start":{"line":450,"column":4},"end":{"line":450,"column":69}},"123":{"start":{"line":453,"column":2},"end":{"line":453,"column":52}},"124":{"start":{"line":484,"column":17},"end":{"line":484,"column":61}},"125":{"start":{"line":485,"column":20},"end":{"line":485,"column":36}},"126":{"start":{"line":488,"column":23},"end":{"line":488,"column":56}},"127":{"start":{"line":489,"column":22},"end":{"line":491,"column":null}},"128":{"start":{"line":493,"column":29},"end":{"line":497,"column":null}},"129":{"start":{"line":501,"column":2},"end":{"line":508,"column":4}},"130":{"start":{"line":511,"column":53},"end":{"line":518,"column":null}},"131":{"start":{"line":522,"column":2},"end":{"line":537,"column":11}},"132":{"start":{"line":539,"column":2},"end":{"line":546,"column":4}},"133":{"start":{"line":560,"column":52},"end":{"line":560,"column":85}},"134":{"start":{"line":561,"column":26},"end":{"line":561,"column":57}},"135":{"start":{"line":563,"column":26},"end":{"line":563,"column":83}},"136":{"start":{"line":564,"column":2},"end":{"line":573,"column":3}},"137":{"start":{"line":565,"column":23},"end":{"line":569,"column":null}},"138":{"start":{"line":571,"column":15},"end":{"line":571,"column":48}},"139":{"start":{"line":572,"column":4},"end":{"line":572,"column":54}},"140":{"start":{"line":576,"column":26},"end":{"line":576,"column":84}},"141":{"start":{"line":576,"column":46},"end":{"line":576,"column":84}},"142":{"start":{"line":576,"column":63},"end":{"line":576,"column":83}},"143":{"start":{"line":576,"column":13},"end":{"line":576,"column":26}},"144":{"start":{"line":583,"column":62},"end":{"line":583,"column":68}},"145":{"start":{"line":585,"column":2},"end":{"line":587,"column":3}},"146":{"start":{"line":586,"column":4},"end":{"line":586,"column":73}},"147":{"start":{"line":589,"column":30},"end":{"line":593,"column":4}},"148":{"start":{"line":596,"column":2},"end":{"line":600,"column":3}},"149":{"start":{"line":599,"column":4},"end":{"line":599,"column":69}},"150":{"start":{"line":602,"column":2},"end":{"line":602,"column":29}}},"fnMap":{"0":{"name":"createTokenAccount","decl":{"start":{"line":76,"column":22},"end":{"line":76,"column":40}},"loc":{"start":{"line":79,"column":18},"end":{"line":92,"column":1}}},"1":{"name":"createTestAccount","decl":{"start":{"line":95,"column":22},"end":{"line":95,"column":39}},"loc":{"start":{"line":96,"column":26},"end":{"line":111,"column":1}}},"2":{"name":"createTestMint","decl":{"start":{"line":117,"column":22},"end":{"line":117,"column":36}},"loc":{"start":{"line":119,"column":14},"end":{"line":131,"column":1}}},"3":{"name":"setupTestProgram","decl":{"start":{"line":136,"column":22},"end":{"line":136,"column":38}},"loc":{"start":{"line":143,"column":18},"end":{"line":197,"column":1}}},"4":{"name":"setupTestPlayer","decl":{"start":{"line":202,"column":22},"end":{"line":202,"column":37}},"loc":{"start":{"line":207,"column":35},"end":{"line":237,"column":1}}},"5":{"name":"pendingRewardsOnChain","decl":{"start":{"line":243,"column":16},"end":{"line":243,"column":37}},"loc":{"start":{"line":258,"column":3},"end":{"line":288,"column":1}}},"6":{"name":"expectedDistributionSummary","decl":{"start":{"line":294,"column":16},"end":{"line":294,"column":43}},"loc":{"start":{"line":298,"column":1},"end":{"line":386,"column":1}}},"7":{"name":"(anonymous_16)","decl":{"start":{"line":369,"column":52},"end":{"line":369,"column":53}},"loc":{"start":{"line":369,"column":62},"end":{"line":369,"column":67}}},"8":{"name":"initialRewardRateExact","decl":{"start":{"line":388,"column":9},"end":{"line":388,"column":31}},"loc":{"start":{"line":391,"column":26},"end":{"line":410,"column":1}}},"9":{"name":"calculateInitialRewardRate","decl":{"start":{"line":422,"column":16},"end":{"line":422,"column":42}},"loc":{"start":{"line":426,"column":1},"end":{"line":454,"column":1}}},"10":{"name":"setupFullTestPlayerAndProgram","decl":{"start":{"line":464,"column":22},"end":{"line":464,"column":51}},"loc":{"start":{"line":481,"column":8},"end":{"line":547,"column":1}}},"11":{"name":"drainPlayerTokenAccountToGovernance","decl":{"start":{"line":549,"column":22},"end":{"line":549,"column":57}},"loc":{"start":{"line":559,"column":1},"end":{"line":574,"column":1}}},"12":{"name":"(anonymous_21)","decl":{"start":{"line":560,"column":52},"end":{"line":560,"column":65}},"loc":{"start":{"line":560,"column":52},"end":{"line":560,"column":85}}},"13":{"name":"(anonymous_22)","decl":{"start":{"line":561,"column":26},"end":{"line":561,"column":39}},"loc":{"start":{"line":561,"column":26},"end":{"line":561,"column":57}}},"14":{"name":"(anonymous_23)","decl":{"start":{"line":576,"column":26},"end":{"line":576,"column":27}},"loc":{"start":{"line":576,"column":46},"end":{"line":576,"column":84}}},"15":{"name":"(anonymous_24)","decl":{"start":{"line":576,"column":58},"end":{"line":576,"column":59}},"loc":{"start":{"line":576,"column":63},"end":{"line":576,"column":83}}},"16":{"name":"calculateEmissionSchedule","decl":{"start":{"line":578,"column":16},"end":{"line":578,"column":41}},"loc":{"start":{"line":582,"column":1},"end":{"line":603,"column":1}}}},"branchMap":{"0":{"loc":{"start":{"line":119,"column":2},"end":{"line":119,"column":14}},"type":"default-arg","locations":[{"start":{"line":119,"column":13},"end":{"line":119,"column":14}}]},"1":{"loc":{"start":{"line":142,"column":2},"end":{"line":142,"column":20}},"type":"default-arg","locations":[{"start":{"line":142,"column":18},"end":{"line":142,"column":20}}]},"2":{"loc":{"start":{"line":147,"column":2},"end":{"line":149,"column":3}},"type":"if","locations":[{"start":{"line":147,"column":2},"end":{"line":149,"column":3}}]},"3":{"loc":{"start":{"line":207,"column":2},"end":{"line":207,"column":35}},"type":"default-arg","locations":[{"start":{"line":207,"column":31},"end":{"line":207,"column":35}}]},"4":{"loc":{"start":{"line":263,"column":2},"end":{"line":278,"column":3}},"type":"if","locations":[{"start":{"line":263,"column":2},"end":{"line":278,"column":3}}]},"5":{"loc":{"start":{"line":263,"column":6},"end":{"line":263,"column":59}},"type":"binary-expr","locations":[{"start":{"line":263,"column":6},"end":{"line":263,"column":33}},{"start":{"line":263,"column":37},"end":{"line":263,"column":59}}]},"6":{"loc":{"start":{"line":271,"column":22},"end":{"line":273,"column":10}},"type":"cond-expr","locations":[{"start":{"line":272,"column":8},"end":{"line":272,"column":40}},{"start":{"line":273,"column":8},"end":{"line":273,"column":10}}]},"7":{"loc":{"start":{"line":275,"column":26},"end":{"line":275,"column":65}},"type":"cond-expr","locations":[{"start":{"line":275,"column":47},"end":{"line":275,"column":56}},{"start":{"line":275,"column":59},"end":{"line":275,"column":65}}]},"8":{"loc":{"start":{"line":282,"column":18},"end":{"line":282,"column":53}},"type":"cond-expr","locations":[{"start":{"line":282,"column":37},"end":{"line":282,"column":48}},{"start":{"line":282,"column":51},"end":{"line":282,"column":53}}]},"9":{"loc":{"start":{"line":285,"column":22},"end":{"line":285,"column":43}},"type":"binary-expr","locations":[{"start":{"line":285,"column":22},"end":{"line":285,"column":36}},{"start":{"line":285,"column":40},"end":{"line":285,"column":43}}]},"10":{"loc":{"start":{"line":321,"column":2},"end":{"line":337,"column":3}},"type":"if","locations":[{"start":{"line":321,"column":2},"end":{"line":337,"column":3}}]},"11":{"loc":{"start":{"line":321,"column":6},"end":{"line":321,"column":68}},"type":"binary-expr","locations":[{"start":{"line":321,"column":6},"end":{"line":321,"column":34}},{"start":{"line":321,"column":38},"end":{"line":321,"column":68}}]},"12":{"loc":{"start":{"line":339,"column":9},"end":{"line":339,"column":45}},"type":"binary-expr","locations":[{"start":{"line":339,"column":9},"end":{"line":339,"column":27}},{"start":{"line":339,"column":31},"end":{"line":339,"column":45}}]},"13":{"loc":{"start":{"line":343,"column":25},"end":{"line":343,"column":78}},"type":"cond-expr","locations":[{"start":{"line":343,"column":53},"end":{"line":343,"column":62}},{"start":{"line":343,"column":65},"end":{"line":343,"column":78}}]},"14":{"loc":{"start":{"line":429,"column":2},"end":{"line":431,"column":3}},"type":"if","locations":[{"start":{"line":429,"column":2},"end":{"line":431,"column":3}}]},"15":{"loc":{"start":{"line":429,"column":6},"end":{"line":429,"column":52}},"type":"binary-expr","locations":[{"start":{"line":429,"column":6},"end":{"line":429,"column":27}},{"start":{"line":429,"column":31},"end":{"line":429,"column":52}}]},"16":{"loc":{"start":{"line":446,"column":2},"end":{"line":451,"column":3}},"type":"if","locations":[{"start":{"line":446,"column":2},"end":{"line":451,"column":3}}]},"17":{"loc":{"start":{"line":447,"column":4},"end":{"line":448,"column":136}},"type":"binary-expr","locations":[{"start":{"line":447,"column":4},"end":{"line":447,"column":67}},{"start":{"line":448,"column":4},"end":{"line":448,"column":136}}]},"18":{"loc":{"start":{"line":467,"column":2},"end":{"line":481,"column":8}},"type":"default-arg","locations":[{"start":{"line":481,"column":6},"end":{"line":481,"column":8}}]},"19":{"loc":{"start":{"line":468,"column":4},"end":{"line":468,"column":37}},"type":"default-arg","locations":[{"start":{"line":468,"column":24},"end":{"line":468,"column":37}}]},"20":{"loc":{"start":{"line":469,"column":4},"end":{"line":469,"column":25}},"type":"default-arg","locations":[{"start":{"line":469,"column":22},"end":{"line":469,"column":25}}]},"21":{"loc":{"start":{"line":470,"column":4},"end":{"line":470,"column":39}},"type":"default-arg","locations":[{"start":{"line":470,"column":18},"end":{"line":470,"column":39}}]},"22":{"loc":{"start":{"line":471,"column":4},"end":{"line":471,"column":38}},"type":"default-arg","locations":[{"start":{"line":471,"column":24},"end":{"line":471,"column":38}}]},"23":{"loc":{"start":{"line":472,"column":4},"end":{"line":472,"column":22}},"type":"default-arg","locations":[{"start":{"line":472,"column":20},"end":{"line":472,"column":22}}]},"24":{"loc":{"start":{"line":473,"column":4},"end":{"line":473,"column":20}},"type":"default-arg","locations":[{"start":{"line":473,"column":19},"end":{"line":473,"column":20}}]},"25":{"loc":{"start":{"line":564,"column":2},"end":{"line":573,"column":3}},"type":"if","locations":[{"start":{"line":564,"column":2},"end":{"line":573,"column":3}}]},"26":{"loc":{"start":{"line":576,"column":27},"end":{"line":576,"column":32}},"type":"default-arg","locations":[{"start":{"line":576,"column":31},"end":{"line":576,"column":32}}]},"27":{"loc":{"start":{"line":576,"column":34},"end":{"line":576,"column":41}},"type":"default-arg","locations":[{"start":{"line":576,"column":38},"end":{"line":576,"column":41}}]},"28":{"loc":{"start":{"line":585,"column":2},"end":{"line":587,"column":3}},"type":"if","locations":[{"start":{"line":585,"column":2},"end":{"line":587,"column":3}}]},"29":{"loc":{"start":{"line":585,"column":6},"end":{"line":585,"column":62}},"type":"binary-expr","locations":[{"start":{"line":585,"column":6},"end":{"line":585,"column":26}},{"start":{"line":585,"column":30},"end":{"line":585,"column":62}}]},"30":{"loc":{"start":{"line":596,"column":2},"end":{"line":600,"column":3}},"type":"if","locations":[{"start":{"line":596,"column":2},"end":{"line":600,"column":3}}]}},"s":{"0":7,"1":7,"2":7,"3":7,"4":7,"5":7,"6":7,"7":7,"8":7,"9":7,"10":7,"11":7,"12":7,"13":7,"14":7,"15":7,"16":7,"17":7,"18":7,"19":7,"20":7,"21":7,"22":7,"23":7,"24":7,"25":7,"26":7,"27":7,"28":7,"29":7,"30":7,"31":7,"32":7,"33":7,"34":7,"35":7,"36":7,"37":1,"38":1,"39":1,"40":1,"41":46,"42":46,"43":46,"44":46,"45":46,"46":40,"47":40,"48":40,"49":40,"50":40,"51":14,"52":40,"53":40,"54":40,"55":40,"56":40,"57":40,"58":16,"59":16,"60":16,"61":16,"62":16,"63":1,"64":1,"65":1,"66":1,"67":1,"68":1,"69":1,"70":1,"71":1,"72":1,"73":1,"74":1,"75":1,"76":1,"77":1,"78":2,"79":2,"80":2,"81":2,"82":2,"83":2,"84":2,"85":0,"86":2,"87":48,"88":48,"89":48,"90":48,"91":48,"92":48,"93":48,"94":2,"95":2,"96":2,"97":2,"98":2,"99":2,"100":2,"101":2,"102":2,"103":2,"104":2,"105":2,"106":2,"107":48,"108":2,"109":1,"110":1,"111":1,"112":1,"113":1,"114":1,"115":1,"116":1,"117":1,"118":0,"119":1,"120":1,"121":1,"122":0,"123":1,"124":26,"125":26,"126":26,"127":26,"128":26,"129":26,"130":26,"131":26,"132":26,"133":4,"134":4,"135":2,"136":2,"137":2,"138":2,"139":2,"140":7,"141":65,"142":65,"143":7,"144":0,"145":0,"146":0,"147":0,"148":0,"149":0,"150":0},"f":{"0":1,"1":46,"2":40,"3":40,"4":16,"5":1,"6":2,"7":48,"8":1,"9":1,"10":26,"11":2,"12":2,"13":2,"14":65,"15":65,"16":0},"b":{"0":[14],"1":[0],"2":[14],"3":[15],"4":[1],"5":[1,1],"6":[1,0],"7":[0,1],"8":[1,0],"9":[1,0],"10":[0],"11":[2,2],"12":[50,48],"13":[0,48],"14":[0],"15":[1,1],"16":[0],"17":[1,1],"18":[9],"19":[19],"20":[10],"21":[9],"22":[10],"23":[11],"24":[26],"25":[2],"26":[0],"27":[43],"28":[0],"29":[0,0],"30":[0]}}
}
