TN:
SF:tests/test-helpers.ts
FN:76,createTokenAccount
FN:95,createTestAccount
FN:117,createTestMint
FN:136,setupTestProgram
FN:202,setupTestPlayer
FN:243,pendingRewardsOnChain
FN:294,expectedDistributionSummary
FN:369,(anonymous_16)
FN:388,initialRewardRateExact
FN:422,calculateInitialRewardRate
FN:464,setupFullTestPlayerAndProgram
FN:549,drainPlayerTokenAccountToGovernance
FN:560,(anonymous_21)
FN:561,(anonymous_22)
FN:576,(anonymous_23)
FN:576,(anonymous_24)
FN:578,calculateEmissionSchedule
FNF:17
FNH:16
FNDA:1,createTokenAccount
FNDA:46,createTestAccount
FNDA:40,createTestMint
FNDA:40,setupTestProgram
FNDA:16,setupTestPlayer
FNDA:1,pendingRewardsOnChain
FNDA:2,expectedDistributionSummary
FNDA:48,(anonymous_16)
FNDA:1,initialRewardRateExact
FNDA:1,calculateInitialRewardRate
FNDA:26,setupFullTestPlayerAndProgram
FNDA:2,drainPlayerTokenAccountToGovernance
FNDA:2,(anonymous_21)
FNDA:2,(anonymous_22)
FNDA:65,(anonymous_23)
FNDA:65,(anonymous_24)
FNDA:0,calculateEmissionSchedule
DA:1,7
DA:8,7
DA:9,7
DA:23,7
DA:24,7
DA:27,7
DA:28,7
DA:29,7
DA:30,7
DA:33,7
DA:34,7
DA:35,7
DA:36,7
DA:37,7
DA:40,7
DA:41,7
DA:42,7
DA:43,7
DA:44,7
DA:45,7
DA:46,7
DA:47,7
DA:48,7
DA:49,7
DA:52,7
DA:62,7
DA:76,7
DA:81,1
DA:82,1
DA:90,1
DA:91,1
DA:95,7
DA:98,46
DA:99,46
DA:104,46
DA:105,46
DA:110,46
DA:117,7
DA:121,40
DA:122,40
DA:130,40
DA:136,7
DA:145,40
DA:147,40
DA:148,14
DA:150,40
DA:153,40
DA:157,40
DA:167,40
DA:177,40
DA:196,40
DA:202,7
DA:209,16
DA:210,16
DA:214,16
DA:219,16
DA:236,16
DA:243,7
DA:261,1
DA:263,1
DA:264,1
DA:266,1
DA:267,1
DA:270,1
DA:271,1
DA:274,1
DA:275,1
DA:277,1
DA:281,1
DA:282,1
DA:285,1
DA:286,1
DA:287,1
DA:294,7
DA:313,2
DA:314,2
DA:315,2
DA:316,2
DA:317,2
DA:318,2
DA:321,2
DA:322,0
DA:339,2
DA:340,48
DA:342,48
DA:343,48
DA:344,48
DA:345,48
DA:346,48
DA:347,48
DA:351,2
DA:352,2
DA:355,2
DA:356,2
DA:357,2
DA:359,2
DA:360,2
DA:361,2
DA:364,2
DA:365,2
DA:366,2
DA:367,2
DA:369,48
DA:371,2
DA:394,1
DA:397,1
DA:398,1
DA:401,1
DA:404,1
DA:407,1
DA:409,1
DA:422,7
DA:427,1
DA:429,1
DA:430,0
DA:433,1
DA:439,1
DA:446,1
DA:450,0
DA:453,1
DA:464,7
DA:484,26
DA:485,26
DA:488,26
DA:489,26
DA:493,26
DA:501,26
DA:511,26
DA:522,26
DA:539,26
DA:549,7
DA:560,4
DA:561,4
DA:563,2
DA:564,2
DA:565,2
DA:571,2
DA:572,2
DA:576,65
DA:578,7
DA:583,0
DA:585,0
DA:586,0
DA:589,0
DA:596,0
DA:599,0
DA:602,0
LF:147
LH:137
BRDA:119,0,0,14
BRDA:142,1,0,0
BRDA:147,2,0,14
BRDA:207,3,0,15
BRDA:263,4,0,1
BRDA:263,5,0,1
BRDA:263,5,1,1
BRDA:271,6,0,1
BRDA:271,6,1,0
BRDA:275,7,0,0
BRDA:275,7,1,1
BRDA:282,8,0,1
BRDA:282,8,1,0
BRDA:285,9,0,1
BRDA:285,9,1,0
BRDA:321,10,0,0
BRDA:321,11,0,2
BRDA:321,11,1,2
BRDA:339,12,0,50
BRDA:339,12,1,48
BRDA:343,13,0,0
BRDA:343,13,1,48
BRDA:429,14,0,0
BRDA:429,15,0,1
BRDA:429,15,1,1
BRDA:446,16,0,0
BRDA:447,17,0,1
BRDA:447,17,1,1
BRDA:467,18,0,9
BRDA:468,19,0,19
BRDA:469,20,0,10
BRDA:470,21,0,9
BRDA:471,22,0,10
BRDA:472,23,0,11
BRDA:473,24,0,26
BRDA:564,25,0,2
BRDA:576,26,0,0
BRDA:576,27,0,43
BRDA:585,28,0,0
BRDA:585,29,0,0
BRDA:585,29,1,0
BRDA:596,30,0,0
BRF:42
BRH:28
end_of_record
